2021-10-30 11:32:21,511 [sinai.rusinek] Created project [Yiddish](33)
2021-10-30 11:32:21,520 [sinai.rusinek] Created permission [MANAGER] for user [sinai.rusinek] on project [Yiddish](33)
2021-10-30 11:32:21,521 [sinai.rusinek] Created permission [CURATOR] for user [sinai.rusinek] on project [Yiddish](33)
2021-10-30 11:32:21,521 [sinai.rusinek] Created permission [ANNOTATOR] for user [sinai.rusinek] on project [Yiddish](33)
2021-10-30 11:32:21,530 [sinai.rusinek] Created tagset [UD Universal POS tags (v2)](232) in project [Yiddish](33)
2021-10-30 11:32:21,534 [sinai.rusinek] Created 17 tags and updated 0 tags in tagset [UD Universal POS tags (v2)](232) in project [Yiddish](33)
2021-10-30 11:32:21,535 [sinai.rusinek] Created tagset [UD Universal Dependencies (v2)](233) in project [Yiddish](33)
2021-10-30 11:32:21,541 [sinai.rusinek] Created 37 tags and updated 0 tags in tagset [UD Universal Dependencies (v2)](233) in project [Yiddish](33)
2021-10-30 11:32:21,542 [sinai.rusinek] Created tagset [Named Entity tags](234) in project [Yiddish](33)
2021-10-30 11:32:21,544 [sinai.rusinek] Created 12 tags and updated 0 tags in tagset [Named Entity tags](234) in project [Yiddish](33)
2021-10-30 11:32:21,544 [sinai.rusinek] Created layer [de.tudarmstadt.ukp.dkpro.core.api.segmentation.type.Token](395) in project [Yiddish](33)
2021-10-30 11:32:21,545 [sinai.rusinek] Created tagset [Coreference mentions](235) in project [Yiddish](33)
2021-10-30 11:32:21,545 [sinai.rusinek] Created 1 tags and updated 0 tags in tagset [Coreference mentions](235) in project [Yiddish](33)
2021-10-30 11:32:21,546 [sinai.rusinek] Created layer [de.tudarmstadt.ukp.dkpro.core.api.ner.type.NamedEntity](396) in project [Yiddish](33)
2021-10-30 11:32:21,547 [sinai.rusinek] Created feature [value](616) in project [Yiddish](33)
2021-10-30 11:32:21,547 [sinai.rusinek] Created layer [de.tudarmstadt.ukp.dkpro.core.api.semantics.type.SemArg](397) in project [Yiddish](33)
2021-10-30 11:32:21,547 [sinai.rusinek] Created feature [category](617) in project [Yiddish](33)
2021-10-30 11:32:21,548 [sinai.rusinek] Created feature [arguments](618) in project [Yiddish](33)
2021-10-30 11:32:21,548 [sinai.rusinek] Created layer [de.tudarmstadt.ukp.dkpro.core.api.semantics.type.SemPred](398) in project [Yiddish](33)
2021-10-30 11:32:21,548 [sinai.rusinek] Created tagset [Dependency flavors](236) in project [Yiddish](33)
2021-10-30 11:32:21,549 [sinai.rusinek] Created 2 tags and updated 0 tags in tagset [Dependency flavors](236) in project [Yiddish](33)
2021-10-30 11:32:21,549 [sinai.rusinek] Created layer [de.tudarmstadt.ukp.dkpro.core.api.segmentation.type.SurfaceForm](399) in project [Yiddish](33)
2021-10-30 11:32:21,549 [sinai.rusinek] Created feature [value](619) in project [Yiddish](33)
2021-10-30 11:32:21,550 [sinai.rusinek] Created tagset [Coreference relations](237) in project [Yiddish](33)
2021-10-30 11:32:21,551 [sinai.rusinek] Created 1 tags and updated 0 tags in tagset [Coreference relations](237) in project [Yiddish](33)
2021-10-30 11:32:21,551 [sinai.rusinek] Created layer [de.tudarmstadt.ukp.dkpro.core.api.syntax.type.chunk.Chunk](400) in project [Yiddish](33)
2021-10-30 11:32:21,551 [sinai.rusinek] Created feature [chunkValue](620) in project [Yiddish](33)
2021-10-30 11:32:21,552 [sinai.rusinek] Created tagset [Operation](238) in project [Yiddish](33)
2021-10-30 11:32:21,552 [sinai.rusinek] Created 4 tags and updated 0 tags in tagset [Operation](238) in project [Yiddish](33)
2021-10-30 11:32:21,553 [sinai.rusinek] Created feature [identifier](621) in project [Yiddish](33)
2021-10-30 11:32:21,554 [sinai.rusinek] Created feature [pos](622) in project [Yiddish](33)
2021-10-30 11:32:21,554 [sinai.rusinek] Created layer [de.tudarmstadt.ukp.dkpro.core.api.lexmorph.type.pos.POS](401) in project [Yiddish](33)
2021-10-30 11:32:21,554 [sinai.rusinek] Created feature [PosValue](623) in project [Yiddish](33)
2021-10-30 11:32:21,554 [sinai.rusinek] Created feature [coarseValue](624) in project [Yiddish](33)
2021-10-30 11:32:21,556 [sinai.rusinek] Created layer [de.tudarmstadt.ukp.dkpro.core.api.syntax.type.dependency.Dependency](402) in project [Yiddish](33)
2021-10-30 11:32:21,556 [sinai.rusinek] Created feature [DependencyType](625) in project [Yiddish](33)
2021-10-30 11:32:21,556 [sinai.rusinek] Created feature [flavor](626) in project [Yiddish](33)
2021-10-30 11:32:21,557 [sinai.rusinek] Created layer [de.tudarmstadt.ukp.dkpro.core.api.coref.type.Coreference](403) in project [Yiddish](33)
2021-10-30 11:32:21,557 [sinai.rusinek] Created feature [referenceType](627) in project [Yiddish](33)
2021-10-30 11:32:21,558 [sinai.rusinek] Created feature [referenceRelation](628) in project [Yiddish](33)
2021-10-30 11:32:21,558 [sinai.rusinek] Created feature [morph](629) in project [Yiddish](33)
2021-10-30 11:32:21,558 [sinai.rusinek] Created layer [de.tudarmstadt.ukp.dkpro.core.api.lexmorph.type.morph.MorphologicalFeatures](404) in project [Yiddish](33)
2021-10-30 11:32:21,559 [sinai.rusinek] Created feature [value](630) in project [Yiddish](33)
2021-10-30 11:32:21,559 [sinai.rusinek] Created feature [lemma](631) in project [Yiddish](33)
2021-10-30 11:32:21,559 [sinai.rusinek] Created layer [de.tudarmstadt.ukp.dkpro.core.api.segmentation.type.Lemma](405) in project [Yiddish](33)
2021-10-30 11:32:21,559 [sinai.rusinek] Created feature [value](632) in project [Yiddish](33)
2021-10-30 11:32:21,560 [sinai.rusinek] Created layer [de.tudarmstadt.ukp.dkpro.core.api.transform.type.SofaChangeAnnotation](406) in project [Yiddish](33)
2021-10-30 11:32:21,560 [sinai.rusinek] Created feature [value](633) in project [Yiddish](33)
2021-10-30 11:32:21,560 [sinai.rusinek] Created feature [operation](634) in project [Yiddish](33)
2021-10-30 11:33:21,034 [sinai.rusinek] Created permission [ANNOTATOR] for user [OksanaShcherba] on project [Yiddish](33)
2021-10-30 11:33:21,044 [sinai.rusinek] Created permission [ANNOTATOR] for user [RachelCressell] on project [Yiddish](33)
2021-10-30 11:33:21,044 [sinai.rusinek] Created permission [ANNOTATOR] for user [TetianaShyshkina] on project [Yiddish](33)
2021-10-30 11:33:21,045 [sinai.rusinek] Created permission [ANNOTATOR] for user [ajanco] on project [Yiddish](33)
2021-10-30 11:33:21,046 [sinai.rusinek] Created permission [ANNOTATOR] for user [ephraim.berkovitch] on project [Yiddish](33)
2021-10-30 11:33:21,046 [sinai.rusinek] Created permission [ANNOTATOR] for user [qad] on project [Yiddish](33)
2021-10-30 11:33:21,047 [sinai.rusinek] Created permission [ANNOTATOR] for user [ttasovac] on project [Yiddish](33)
2021-10-30 11:43:20,514 [sinai.rusinek] Created gazeteer [YiddishNamedEntities.txt] for recommender [[Named entity@value] String Matcher](55) in project [Yiddish](33)
2021-11-02 07:05:42,637 [sinai.rusinek] Imported source document [branzhe778.tsv](437) to project [Yiddish](33)
2021-11-02 07:07:07,446 [sinai.rusinek] Created annotation document [302] for user [sinai.rusinek] for source document [branzhe778.tsv](437) in project [Yiddish](33)
2021-11-02 07:07:07,551 [sinai.rusinek] Upgraded CAS of user [sinai.rusinek] for document [branzhe778.tsv](437) in project [Yiddish](33)
2021-11-02 07:12:49,760 [sinai.rusinek] Upgraded CAS of user [sinai.rusinek] for document [branzhe778.tsv](437) in project [Yiddish](33)
2021-11-02 19:43:23,376 [sinai.rusinek] Created layer [de.tudarmstadt.ukp.dkpro.core.api.ner.type.NamedEntity](396) in project [Yiddish](33)
2021-11-02 19:43:35,151 [sinai.rusinek] Created layer [de.tudarmstadt.ukp.dkpro.core.api.ner.type.NamedEntity](396) in project [Yiddish](33)
2021-11-02 19:44:18,661 [sinai.rusinek] Created layer [de.tudarmstadt.ukp.dkpro.core.api.ner.type.NamedEntity](396) in project [Yiddish](33)
2021-11-02 20:34:18,417 [sinai.rusinek] Upgraded CAS of user [sinai.rusinek] for document [branzhe778.tsv](437) in project [Yiddish](33)
2021-11-03 15:42:19,178 [sinai.rusinek] Created annotation document [304] for user [RachelCressell] for source document [branzhe778.tsv](437) in project [Yiddish](33)
2021-11-03 15:42:19,285 [sinai.rusinek] Upgraded CAS of user [RachelCressell] for document [branzhe778.tsv](437) in project [Yiddish](33)
2021-11-03 15:51:31,166 [sinai.rusinek] Upgraded CAS of user [sinai.rusinek] for document [branzhe778.tsv](437) in project [Yiddish](33)
2021-11-03 16:02:01,432 [sinai.rusinek] Created annotation document [305] for user [OksanaShcherba] for source document [branzhe778.tsv](437) in project [Yiddish](33)
2021-11-03 16:02:01,587 [sinai.rusinek] Upgraded CAS of user [OksanaShcherba] for document [branzhe778.tsv](437) in project [Yiddish](33)
2021-11-03 16:19:54,165 [sinai.rusinek] Created feature [value](616) in project [Yiddish](33)
2021-11-03 16:20:16,147 [sinai.rusinek] Created layer [de.tudarmstadt.ukp.dkpro.core.api.ner.type.NamedEntity](396) in project [Yiddish](33)
2021-11-03 19:39:40,826 [sinai.rusinek] Upgraded CAS of user [sinai.rusinek] for document [branzhe778.tsv](437) in project [Yiddish](33)
2021-11-05 09:41:45,564 [sinai.rusinek] Created layer [de.tudarmstadt.ukp.dkpro.core.api.ner.type.NamedEntity](396) in project [Yiddish](33)
2021-11-05 09:41:53,683 [sinai.rusinek] Upgraded CAS of user [sinai.rusinek] for document [branzhe778.tsv](437) in project [Yiddish](33)
2021-11-05 11:37:48,934 [sinai.rusinek] Created layer [de.tudarmstadt.ukp.dkpro.core.api.ner.type.NamedEntity](396) in project [Yiddish](33)
2021-11-05 11:37:58,303 [sinai.rusinek] Created feature [value](616) in project [Yiddish](33)
2021-11-05 12:42:49,740 [sinai.rusinek] Created layer [de.tudarmstadt.ukp.dkpro.core.api.ner.type.NamedEntity](396) in project [Yiddish](33)
2021-11-05 12:42:51,231 [sinai.rusinek] Created feature [value](616) in project [Yiddish](33)
2021-11-09 18:40:39,214 [sinai.rusinek] Upgraded CAS of user [RachelCressell] for document [branzhe778.tsv](437) in project [Yiddish](33)
2021-11-09 19:27:42,253 [sinai.rusinek] Upgraded CAS of user [RachelCressell] for document [branzhe778.tsv](437) in project [Yiddish](33)
2021-11-09 22:21:19,721 [sinai.rusinek] Upgraded CAS of user [RachelCressell] for document [branzhe778.tsv](437) in project [Yiddish](33)
2021-11-10 14:12:42,502 [sinai.rusinek] Removed source document [IsaacAvtovbyografyeTEISentencesnoLB-xml-conllu](439) from project [Yiddish](33)
2021-11-10 14:14:41,667 [sinai.rusinek] Removed source document [IsaacAvtovbyografyeTEISentenceEvery10.conllu](440) from project [Yiddish](33)
2021-11-10 14:16:48,136 [sinai.rusinek] Removed source document [IsaacAvtovbyografyeTEISentencesnoLB-xml-conllu.tsv](441) from project [Yiddish](33)
2021-11-10 14:20:40,678 [sinai.rusinek] Removed source document [IsaacAvtovbyografyeTEISentencesnoLB-xml-conllu](442) from project [Yiddish](33)
2021-11-10 14:23:17,824 [sinai.rusinek] Removed source document [IsaacAvtovbyografye11$.conllu](443) from project [Yiddish](33)
2021-11-10 14:28:27,121 [sinai.rusinek] Removed source document [IsaacAvtovbyografye11$-conllu](444) from project [Yiddish](33)
2021-11-10 14:31:24,879 [sinai.rusinek] Removed source document [IsaacAvtovbyografye11$-conllu](445) from project [Yiddish](33)
2021-11-10 14:31:41,914 [sinai.rusinek] Removed source document [IsaacAvtovbyografye11$-conllu](446) from project [Yiddish](33)
2021-11-10 14:31:49,490 [sinai.rusinek] Removed source document [IsaacAvtovbyografye11$-conllu](447) from project [Yiddish](33)
2021-11-10 14:36:24,501 [sinai.rusinek] Removed source document [Prager (2).conllu](448) from project [Yiddish](33)
2021-11-10 14:40:42,132 [sinai.rusinek] Upgraded CAS of user [OksanaShcherba] for document [branzhe778.tsv](437) in project [Yiddish](33)
2021-11-10 14:57:13,582 [sinai.rusinek] Upgraded CAS of user [RachelCressell] for document [branzhe778.tsv](437) in project [Yiddish](33)
2021-11-10 15:38:28,328 [sinai.rusinek] Upgraded CAS of user [sinai.rusinek] for document [branzhe778.tsv](437) in project [Yiddish](33)
2021-11-10 16:06:34,564 [sinai.rusinek] Upgraded CAS of user [RachelCressell] for document [branzhe778.tsv](437) in project [Yiddish](33)
2021-11-10 16:12:15,181 [sinai.rusinek] Upgraded CAS of user [OksanaShcherba] for document [branzhe778.tsv](437) in project [Yiddish](33)
2021-11-10 17:00:42,046 [sinai.rusinek] Upgraded CAS of user [OksanaShcherba] for document [branzhe778.tsv](437) in project [Yiddish](33)
2021-11-12 18:00:04,905 [sinai.rusinek] Removed gazeteer [YiddishNamedEntities.txt] from recommender [[Named entity@value] String Matcher](55) in project [Yiddish](33)
2021-11-12 18:20:31,097 [sinai.rusinek] Created gazeteer [YiddishNamedEntities.txt] for recommender [[Named entity@value] String Matcher](55) in project [Yiddish](33)
2021-11-12 20:24:47,095 [sinai.rusinek] Removed source document [Avtobiografie_output-tsv.tsv](457) from project [Yiddish](33)
2021-11-13 05:59:30,990 [sinai.rusinek] Removed source document [Avtobiografie_output-tsv (1).tsv](458) from project [Yiddish](33)
2021-11-13 06:03:42,282 [sinai.rusinek] Removed source document [IsaacAvtovbyografyeTEISentencesnoLB-xml-conllu (2).tsv](459) from project [Yiddish](33)
2021-11-13 08:38:27,626 [sinai.rusinek] Removed source document [Avtobiografie_output-tsv (2).tsv](468) from project [Yiddish](33)
2021-11-13 08:39:05,898 [sinai.rusinek] Removed source document [Avtobiografie_output-tsv (3).tsv](469) from project [Yiddish](33)
2021-11-13 08:39:18,594 [sinai.rusinek] Removed source document [Avtobiografie_output-tsv (3).tsv](470) from project [Yiddish](33)
2021-11-13 08:40:53,494 [sinai.rusinek] Removed source document [Avtobiografie_output-tsv (4).tsv](471) from project [Yiddish](33)
2021-11-13 08:42:22,030 [sinai.rusinek] Removed source document [Avtobiografie_output-tsv-4-tsv.tsv](472) from project [Yiddish](33)
2021-11-13 08:45:56,000 [sinai.rusinek] Removed source document [IsaacAvtobiografieSelection.conllu](473) from project [Yiddish](33)
2021-11-13 08:46:07,109 [sinai.rusinek] Removed source document [IsaacAvtobiografieSelection.conllu](474) from project [Yiddish](33)
2021-11-14 07:09:59,105 [sinai.rusinek] Removed source document [Avtobiografie_output5.tsv](486) from project [Yiddish](33)
2021-11-14 08:20:56,827 [sinai.rusinek] Removed source document [Avtobiografie_output5.tsv](487) from project [Yiddish](33)
2021-11-14 08:21:43,578 [sinai.rusinek] Removed source document [Avtobiografie_output6.tsv](488) from project [Yiddish](33)
2021-11-14 08:24:53,546 [sinai.rusinek] Removed source document [Avtobiografie_output7.tsv](489) from project [Yiddish](33)
2021-11-14 10:12:51,590 [sinai.rusinek] Removed source document [Avtobiografie_output7 (1).tsv](494) from project [Yiddish](33)
2021-11-14 10:13:40,302 [sinai.rusinek] Imported source document [Avtobiografie_output8.tsv](495) to project [Yiddish](33)
2021-11-14 10:26:57,319 [sinai.rusinek] Created annotation document [343] for user [sinai.rusinek] for source document [Avtobiografie_output8.tsv](495) in project [Yiddish](33)
2021-11-14 10:26:57,393 [sinai.rusinek] Upgraded CAS of user [sinai.rusinek] for document [Avtobiografie_output8.tsv](495) in project [Yiddish](33)
2021-11-14 10:37:59,403 [sinai.rusinek] Exported annotations [Avtobiografie_output8.tsv](495) for user [sinai.rusinek] from project [Yiddish](33) using format [conllu]
2021-11-14 22:25:00,517 [sinai.rusinek] Created feature [coarseValue](624) in project [Yiddish](33)
2021-11-14 22:27:55,559 [sinai.rusinek] Upgraded CAS of user [sinai.rusinek] for document [Avtobiografie_output8.tsv](495) in project [Yiddish](33)
2021-11-16 13:34:43,577 [sinai.rusinek] Created annotation document [345] for user [OksanaShcherba] for source document [Avtobiografie_output8.tsv](495) in project [Yiddish](33)
2021-11-16 13:34:43,637 [sinai.rusinek] Upgraded CAS of user [OksanaShcherba] for document [Avtobiografie_output8.tsv](495) in project [Yiddish](33)
2021-11-16 13:38:00,986 [sinai.rusinek] Upgraded CAS of user [sinai.rusinek] for document [Avtobiografie_output8.tsv](495) in project [Yiddish](33)
2021-11-16 13:39:13,404 [sinai.rusinek] Upgraded CAS of user [sinai.rusinek] for document [branzhe778.tsv](437) in project [Yiddish](33)
2021-11-16 13:40:09,127 [sinai.rusinek] Upgraded CAS of user [sinai.rusinek] for document [branzhe778.tsv](437) in project [Yiddish](33)
2021-11-16 13:42:25,045 [sinai.rusinek] Upgraded CAS of user [sinai.rusinek] for document [branzhe778.tsv](437) in project [Yiddish](33)
2021-11-16 13:42:56,712 [sinai.rusinek] Upgraded CAS of user [sinai.rusinek] for document [Avtobiografie_output8.tsv](495) in project [Yiddish](33)
2021-11-16 13:42:58,224 [sinai.rusinek] Upgraded CAS of user [sinai.rusinek] for document [branzhe778.tsv](437) in project [Yiddish](33)
2021-11-16 13:43:21,941 [sinai.rusinek] Upgraded CAS of user [sinai.rusinek] for document [branzhe778.tsv](437) in project [Yiddish](33)
2021-11-16 13:44:02,873 [sinai.rusinek] Upgraded CAS of user [sinai.rusinek] for document [Avtobiografie_output8.tsv](495) in project [Yiddish](33)
2021-11-16 13:44:08,549 [sinai.rusinek] Upgraded CAS of user [sinai.rusinek] for document [branzhe778.tsv](437) in project [Yiddish](33)
2021-11-16 14:29:13,823 [sinai.rusinek] Upgraded CAS of user [OksanaShcherba] for document [Avtobiografie_output8.tsv](495) in project [Yiddish](33)
2021-11-16 16:10:37,828 [sinai.rusinek] Upgraded CAS of user [sinai.rusinek] for document [Avtobiografie_output8.tsv](495) in project [Yiddish](33)
2021-11-17 01:25:42,874 [sinai.rusinek] Upgraded CAS of user [RachelCressell] for document [branzhe778.tsv](437) in project [Yiddish](33)
2021-11-19 11:01:48,855 [sinai.rusinek] Upgraded CAS of user [sinai.rusinek] for document [branzhe778.tsv](437) in project [Yiddish](33)
2021-11-19 17:01:36,473 [sinai.rusinek] Upgraded CAS of user [CURATION_USER] for document [branzhe778.tsv](437) in project [Yiddish](33)
2021-11-20 11:48:24,893 [sinai.rusinek] Upgraded CAS of user [sinai.rusinek] for document [branzhe778.tsv](437) in project [Yiddish](33)
2021-11-20 12:50:05,285 [sinai.rusinek] Upgraded CAS of user [sinai.rusinek] for document [branzhe778.tsv](437) in project [Yiddish](33)
2021-11-20 15:06:59,835 [sinai.rusinek] Upgraded CAS of user [sinai.rusinek] for document [branzhe778.tsv](437) in project [Yiddish](33)
2021-11-20 15:08:27,145 [sinai.rusinek] Upgraded CAS of user [sinai.rusinek] for document [branzhe778.tsv](437) in project [Yiddish](33)
2021-11-20 21:34:01,614 [sinai.rusinek] Created annotation document [348] for user [RachelCressell] for source document [Avtobiografie_output8.tsv](495) in project [Yiddish](33)
2021-11-20 21:36:37,764 [sinai.rusinek] Upgraded CAS of user [CURATION_USER] for document [branzhe778.tsv](437) in project [Yiddish](33)
2021-11-22 18:20:08,210 [sinai.rusinek] Upgraded CAS of user [RachelCressell] for document [Avtobiografie_output8.tsv](495) in project [Yiddish](33)
2021-11-22 18:46:50,670 [sinai.rusinek] Upgraded CAS of user [RachelCressell] for document [Avtobiografie_output8.tsv](495) in project [Yiddish](33)
2021-11-23 21:48:25,046 [sinai.rusinek] Upgraded CAS of user [OksanaShcherba] for document [Avtobiografie_output8.tsv](495) in project [Yiddish](33)
2021-11-24 00:06:25,241 [sinai.rusinek] Upgraded CAS of user [OksanaShcherba] for document [Avtobiografie_output8.tsv](495) in project [Yiddish](33)
2021-11-24 11:19:34,786 [sinai.rusinek] Upgraded CAS of user [OksanaShcherba] for document [Avtobiografie_output8.tsv](495) in project [Yiddish](33)
2021-11-24 15:06:03,165 [sinai.rusinek] Upgraded CAS of user [RachelCressell] for document [Avtobiografie_output8.tsv](495) in project [Yiddish](33)
2021-11-24 15:09:14,427 [sinai.rusinek] Upgraded CAS of user [CURATION_USER] for document [branzhe778.tsv](437) in project [Yiddish](33)
2021-12-06 15:26:57,143 [sinai.rusinek] Created annotation document [371] for user [ephraim.berkovitch] for source document [branzhe778.tsv](437) in project [Yiddish](33)
2021-12-06 15:26:57,249 [sinai.rusinek] Upgraded CAS of user [ephraim.berkovitch] for document [branzhe778.tsv](437) in project [Yiddish](33)
2021-12-06 15:33:09,106 [sinai.rusinek] Created annotation document [372] for user [ephraim.berkovitch] for source document [Avtobiografie_output8.tsv](495) in project [Yiddish](33)
2021-12-06 15:33:09,180 [sinai.rusinek] Upgraded CAS of user [ephraim.berkovitch] for document [Avtobiografie_output8.tsv](495) in project [Yiddish](33)
2021-12-07 13:50:52,145 [sinai.rusinek] Upgraded CAS of user [ephraim.berkovitch] for document [Avtobiografie_output8.tsv](495) in project [Yiddish](33)
2021-12-07 14:42:41,943 [sinai.rusinek] Upgraded CAS of user [ephraim.berkovitch] for document [Avtobiografie_output8.tsv](495) in project [Yiddish](33)
2021-12-10 16:11:11,791 [sinai.rusinek] Upgraded CAS of user [CURATION_USER] for document [branzhe778.tsv](437) in project [Yiddish](33)
2021-12-10 16:11:51,156 [sinai.rusinek] Upgraded CAS of user [CURATION_USER] for document [branzhe778.tsv](437) in project [Yiddish](33)
2021-12-10 16:29:49,643 [sinai.rusinek] Upgraded CAS of user [CURATION_USER] for document [Avtobiografie_output8.tsv](495) in project [Yiddish](33)
2021-12-10 17:32:56,898 [sinai.rusinek] Upgraded CAS of user [CURATION_USER] for document [branzhe778.tsv](437) in project [Yiddish](33)
2021-12-10 17:33:45,388 [sinai.rusinek] Exported [10424] logged events for project [Yiddish]
2021-12-10 17:33:45,388 [sinai.rusinek] Skipped [25] logged events for [25] documents no longer existing
2021-12-10 17:33:45,524 [sinai.rusinek] Exported [12] layers for project [Yiddish]
2021-12-10 17:33:45,603 [sinai.rusinek] Exported [10] permissions for project [Yiddish]
2021-12-10 17:33:45,672 [sinai.rusinek] Exported [7] tagsets for project [Yiddish]
2021-12-10 17:33:45,692 [sinai.rusinek] Exported content for source document [495] in project [Yiddish] with id [33]
2021-12-10 17:33:45,692 [sinai.rusinek] Exported content for source document [437] in project [Yiddish] with id [33]
2021-12-10 17:33:45,862 [sinai.rusinek] Exported annotations [Avtobiografie_output8.tsv](495) for user [CURATION_USER] from project [Yiddish](33) using format [conllcorenlp]
2021-12-10 17:33:46,059 [sinai.rusinek] Exported annotations [branzhe778.tsv](437) for user [CURATION_USER] from project [Yiddish](33) using format [conllcorenlp]
2021-12-10 17:33:46,210 [sinai.rusinek] Exported annotations [Avtobiografie_output8.tsv](495) for user [sinai.rusinek] from project [Yiddish](33) using format [conllcorenlp]
2021-12-10 17:33:46,294 [sinai.rusinek] Exported annotations [Avtobiografie_output8.tsv](495) for user [OksanaShcherba] from project [Yiddish](33) using format [conllcorenlp]
2021-12-10 17:33:46,368 [sinai.rusinek] Exported annotations [Avtobiografie_output8.tsv](495) for user [RachelCressell] from project [Yiddish](33) using format [conllcorenlp]
2021-12-10 17:33:46,441 [sinai.rusinek] Exported annotations [Avtobiografie_output8.tsv](495) for user [ephraim.berkovitch] from project [Yiddish](33) using format [conllcorenlp]
2021-12-10 17:33:46,640 [sinai.rusinek] Exported annotations [branzhe778.tsv](437) for user [sinai.rusinek] from project [Yiddish](33) using format [conllcorenlp]
2021-12-10 17:33:46,834 [sinai.rusinek] Exported annotations [branzhe778.tsv](437) for user [RachelCressell] from project [Yiddish](33) using format [conllcorenlp]
2021-12-10 17:33:47,027 [sinai.rusinek] Exported annotations [branzhe778.tsv](437) for user [OksanaShcherba] from project [Yiddish](33) using format [conllcorenlp]
2021-12-10 17:33:47,236 [sinai.rusinek] Exported annotations [branzhe778.tsv](437) for user [ephraim.berkovitch] from project [Yiddish](33) using format [conllcorenlp]
2021-12-19 22:13:37,691 [sinai.rusinek] Upgraded CAS of user [RachelCressell] for document [Avtobiografie_output8.tsv](495) in project [Yiddish](33)
2021-12-19 22:20:57,061 [sinai.rusinek] Upgraded CAS of user [RachelCressell] for document [branzhe778.tsv](437) in project [Yiddish](33)
2021-12-19 22:33:34,342 [sinai.rusinek] Upgraded CAS of user [RachelCressell] for document [Avtobiografie_output8.tsv](495) in project [Yiddish](33)
2021-12-19 22:42:49,324 [sinai.rusinek] Upgraded CAS of user [RachelCressell] for document [branzhe778.tsv](437) in project [Yiddish](33)
2021-12-19 22:51:21,882 [sinai.rusinek] Upgraded CAS of user [RachelCressell] for document [Avtobiografie_output8.tsv](495) in project [Yiddish](33)
2021-12-19 22:52:23,504 [sinai.rusinek] Upgraded CAS of user [RachelCressell] for document [branzhe778.tsv](437) in project [Yiddish](33)
2021-12-21 19:58:41,713 [sinai.rusinek] Removed source document [Prager (2).conllu](884) from project [Yiddish](33)
2021-12-21 19:58:56,871 [sinai.rusinek] Removed source document [Prager (2).conllu](885) from project [Yiddish](33)
2021-12-21 20:01:26,403 [sinai.rusinek] Imported source document [HaifaPrager_2022-12-10.tsv](886) to project [Yiddish](33)
2021-12-21 20:02:05,260 [sinai.rusinek] Created annotation document [445] for user [sinai.rusinek] for source document [HaifaPrager_2022-12-10.tsv](886) in project [Yiddish](33)
2021-12-21 20:02:30,176 [sinai.rusinek] Upgraded CAS of user [sinai.rusinek] for document [HaifaPrager_2022-12-10.tsv](886) in project [Yiddish](33)
2021-12-21 21:07:42,092 [sinai.rusinek] Upgraded CAS of user [sinai.rusinek] for document [HaifaPrager_2022-12-10.tsv](886) in project [Yiddish](33)
2021-12-23 21:24:25,900 [sinai.rusinek] Upgraded CAS of user [sinai.rusinek] for document [HaifaPrager_2022-12-10.tsv](886) in project [Yiddish](33)
2021-12-23 22:57:37,309 [sinai.rusinek] Upgraded CAS of user [sinai.rusinek] for document [HaifaPrager_2022-12-10.tsv](886) in project [Yiddish](33)
2021-12-24 09:41:30,867 [sinai.rusinek] Upgraded CAS of user [sinai.rusinek] for document [HaifaPrager_2022-12-10.tsv](886) in project [Yiddish](33)
2021-12-24 09:57:01,789 [sinai.rusinek] Removed source document [HaifaPrager_2022-12-10 (2).tsv](888) from project [Yiddish](33)
2021-12-24 09:57:15,268 [sinai.rusinek] Imported source document [HaifaPrager_2022-12-10 (2).tsv](889) to project [Yiddish](33)
2021-12-24 09:57:42,745 [sinai.rusinek] Created annotation document [454] for user [sinai.rusinek] for source document [HaifaPrager_2022-12-10 (2).tsv](889) in project [Yiddish](33)
2021-12-24 09:57:42,900 [sinai.rusinek] Upgraded CAS of user [sinai.rusinek] for document [HaifaPrager_2022-12-10 (2).tsv](889) in project [Yiddish](33)
2021-12-25 20:51:36,815 [sinai.rusinek] Upgraded CAS of user [sinai.rusinek] for document [HaifaPrager_2022-12-10.tsv](886) in project [Yiddish](33)
2021-12-25 20:51:51,779 [sinai.rusinek] Upgraded CAS of user [sinai.rusinek] for document [HaifaPrager_2022-12-10 (2).tsv](889) in project [Yiddish](33)
2021-12-25 21:42:20,648 [sinai.rusinek] Upgraded CAS of user [sinai.rusinek] for document [HaifaPrager_2022-12-10 (2).tsv](889) in project [Yiddish](33)
2021-12-27 16:59:13,219 [sinai.rusinek] Upgraded CAS of user [sinai.rusinek] for document [HaifaPrager_2022-12-10 (2).tsv](889) in project [Yiddish](33)
2021-12-29 21:31:46,894 [sinai.rusinek] Imported source document [neviim2OR2cadet-xml (1).tsv](896) to project [Yiddish](33)
2021-12-29 21:32:11,085 [sinai.rusinek] Created annotation document [458] for user [sinai.rusinek] for source document [neviim2OR2cadet-xml (1).tsv](896) in project [Yiddish](33)
2021-12-29 21:32:11,180 [sinai.rusinek] Upgraded CAS of user [sinai.rusinek] for document [neviim2OR2cadet-xml (1).tsv](896) in project [Yiddish](33)
2021-12-30 17:19:21,938 [sinai.rusinek] Upgraded CAS of user [sinai.rusinek] for document [neviim2OR2cadet-xml (1).tsv](896) in project [Yiddish](33)
2021-12-30 19:10:41,441 [sinai.rusinek] Upgraded CAS of user [sinai.rusinek] for document [neviim2OR2cadet-xml (1).tsv](896) in project [Yiddish](33)
2022-01-07 13:05:49,125 [sinai.rusinek] Upgraded CAS of user [CURATION_USER] for document [Avtobiografie_output8.tsv](495) in project [Yiddish](33)
2022-01-07 13:12:50,915 [sinai.rusinek] Upgraded CAS of user [CURATION_USER] for document [Avtobiografie_output8.tsv](495) in project [Yiddish](33)
2022-01-07 13:17:53,733 [sinai.rusinek] Upgraded CAS of user [CURATION_USER] for document [Avtobiografie_output8.tsv](495) in project [Yiddish](33)
2022-01-07 13:18:27,704 [sinai.rusinek] Upgraded CAS of user [CURATION_USER] for document [branzhe778.tsv](437) in project [Yiddish](33)
2022-01-07 13:19:19,783 [sinai.rusinek] Upgraded CAS of user [CURATION_USER] for document [Avtobiografie_output8.tsv](495) in project [Yiddish](33)
2022-01-07 14:52:50,580 [sinai.rusinek] Upgraded CAS of user [CURATION_USER] for document [Avtobiografie_output8.tsv](495) in project [Yiddish](33)
2022-01-08 08:59:55,593 [sinai.rusinek] Imported source document [BirobidzhannerShtern_1020.txt](901) to project [Yiddish](33)
2022-01-08 08:59:55,601 [sinai.rusinek] Imported source document [BirobidzhannerShtern_1019.txt](902) to project [Yiddish](33)
2022-01-08 08:59:55,608 [sinai.rusinek] Imported source document [BirobidzhannerShtern_1018.txt](903) to project [Yiddish](33)
2022-01-08 08:59:55,619 [sinai.rusinek] Imported source document [BirobidzhannerShtern_1017.txt](904) to project [Yiddish](33)
2022-01-08 08:59:55,631 [sinai.rusinek] Imported source document [BirobidzhannerShtern_1016.txt](905) to project [Yiddish](33)
2022-01-08 08:59:55,642 [sinai.rusinek] Imported source document [BirobidzhannerShtern_1015.txt](906) to project [Yiddish](33)
2022-01-08 08:59:55,654 [sinai.rusinek] Imported source document [BirobidzhannerShtern_1014.txt](907) to project [Yiddish](33)
2022-01-08 08:59:55,663 [sinai.rusinek] Imported source document [BirobidzhannerShtern_1013.txt](908) to project [Yiddish](33)
2022-01-08 08:59:55,672 [sinai.rusinek] Imported source document [BirobidzhannerShtern_1012.txt](909) to project [Yiddish](33)
2022-01-08 08:59:55,684 [sinai.rusinek] Imported source document [BirobidzhannerShtern_1011.txt](910) to project [Yiddish](33)
2022-01-08 08:59:55,696 [sinai.rusinek] Imported source document [BirobidzhannerShtern_1010.txt](911) to project [Yiddish](33)
2022-01-08 08:59:55,706 [sinai.rusinek] Imported source document [BirobidzhannerShtern_1009.txt](912) to project [Yiddish](33)
2022-01-08 08:59:55,715 [sinai.rusinek] Imported source document [BirobidzhannerShtern_1008.txt](913) to project [Yiddish](33)
2022-01-08 08:59:55,724 [sinai.rusinek] Imported source document [BirobidzhannerShtern_1007.txt](914) to project [Yiddish](33)
2022-01-08 08:59:55,733 [sinai.rusinek] Imported source document [BirobidzhannerShtern_1006.txt](915) to project [Yiddish](33)
2022-01-08 08:59:55,741 [sinai.rusinek] Imported source document [BirobidzhannerShtern_1005.txt](916) to project [Yiddish](33)
2022-01-08 08:59:55,750 [sinai.rusinek] Imported source document [BirobidzhannerShtern_1004.txt](917) to project [Yiddish](33)
2022-01-08 08:59:55,762 [sinai.rusinek] Imported source document [BirobidzhannerShtern_1003.txt](918) to project [Yiddish](33)
2022-01-08 08:59:55,775 [sinai.rusinek] Imported source document [BirobidzhannerShtern_1002.txt](919) to project [Yiddish](33)
2022-01-08 08:59:55,792 [sinai.rusinek] Imported source document [BirobidzhannerShtern_1001.txt](920) to project [Yiddish](33)
2022-01-08 08:59:55,805 [sinai.rusinek] Imported source document [BirobidzhannerShtern_1000.txt](921) to project [Yiddish](33)
2022-01-08 09:00:30,333 [sinai.rusinek] Created annotation document [513] for user [sinai.rusinek] for source document [BirobidzhannerShtern_1000.txt](921) in project [Yiddish](33)
2022-01-08 09:00:30,355 [sinai.rusinek] Upgraded CAS of user [sinai.rusinek] for document [BirobidzhannerShtern_1000.txt](921) in project [Yiddish](33)
2022-01-08 15:39:26,937 [sinai.rusinek] Upgraded CAS of user [sinai.rusinek] for document [BirobidzhannerShtern_1000.txt](921) in project [Yiddish](33)
2022-01-08 15:46:57,116 [sinai.rusinek] Removed source document [BirobidzhannerShtern_1000.txt](921) from project [Yiddish](33)
2022-01-08 15:46:57,130 [sinai.rusinek] Removed source document [BirobidzhannerShtern_1001.txt](920) from project [Yiddish](33)
2022-01-08 15:46:57,133 [sinai.rusinek] Removed source document [BirobidzhannerShtern_1002.txt](919) from project [Yiddish](33)
2022-01-08 15:46:57,135 [sinai.rusinek] Removed source document [BirobidzhannerShtern_1003.txt](918) from project [Yiddish](33)
2022-01-08 15:46:57,137 [sinai.rusinek] Removed source document [BirobidzhannerShtern_1004.txt](917) from project [Yiddish](33)
2022-01-08 15:46:57,140 [sinai.rusinek] Removed source document [BirobidzhannerShtern_1005.txt](916) from project [Yiddish](33)
2022-01-08 15:46:57,142 [sinai.rusinek] Removed source document [BirobidzhannerShtern_1006.txt](915) from project [Yiddish](33)
2022-01-08 15:46:57,144 [sinai.rusinek] Removed source document [BirobidzhannerShtern_1007.txt](914) from project [Yiddish](33)
2022-01-08 15:46:57,146 [sinai.rusinek] Removed source document [BirobidzhannerShtern_1008.txt](913) from project [Yiddish](33)
2022-01-08 15:46:57,148 [sinai.rusinek] Removed source document [BirobidzhannerShtern_1009.txt](912) from project [Yiddish](33)
2022-01-08 15:46:57,150 [sinai.rusinek] Removed source document [BirobidzhannerShtern_1010.txt](911) from project [Yiddish](33)
2022-01-08 15:46:57,153 [sinai.rusinek] Removed source document [BirobidzhannerShtern_1011.txt](910) from project [Yiddish](33)
2022-01-08 15:46:57,155 [sinai.rusinek] Removed source document [BirobidzhannerShtern_1012.txt](909) from project [Yiddish](33)
2022-01-08 15:46:57,157 [sinai.rusinek] Removed source document [BirobidzhannerShtern_1013.txt](908) from project [Yiddish](33)
2022-01-08 15:46:57,159 [sinai.rusinek] Removed source document [BirobidzhannerShtern_1014.txt](907) from project [Yiddish](33)
2022-01-08 15:46:57,161 [sinai.rusinek] Removed source document [BirobidzhannerShtern_1015.txt](906) from project [Yiddish](33)
2022-01-08 15:46:57,163 [sinai.rusinek] Removed source document [BirobidzhannerShtern_1016.txt](905) from project [Yiddish](33)
2022-01-08 15:46:57,166 [sinai.rusinek] Removed source document [BirobidzhannerShtern_1017.txt](904) from project [Yiddish](33)
2022-01-08 15:46:57,168 [sinai.rusinek] Removed source document [BirobidzhannerShtern_1018.txt](903) from project [Yiddish](33)
2022-01-08 15:46:57,170 [sinai.rusinek] Removed source document [BirobidzhannerShtern_1019.txt](902) from project [Yiddish](33)
2022-01-08 15:46:57,172 [sinai.rusinek] Removed source document [BirobidzhannerShtern_1020.txt](901) from project [Yiddish](33)
2022-01-08 15:47:17,723 [sinai.rusinek] Imported source document [Biro1000-1050MoreThan100.tsv](922) to project [Yiddish](33)
2022-01-08 15:49:49,627 [sinai.rusinek] Created annotation document [514] for user [sinai.rusinek] for source document [Biro1000-1050MoreThan100.tsv](922) in project [Yiddish](33)
2022-01-08 15:49:49,738 [sinai.rusinek] Upgraded CAS of user [sinai.rusinek] for document [Biro1000-1050MoreThan100.tsv](922) in project [Yiddish](33)
2022-01-09 08:42:53,385 [sinai.rusinek] Upgraded CAS of user [sinai.rusinek] for document [Biro1000-1050MoreThan100.tsv](922) in project [Yiddish](33)
2022-01-09 16:16:41,668 [sinai.rusinek] Upgraded CAS of user [sinai.rusinek] for document [Biro1000-1050MoreThan100.tsv](922) in project [Yiddish](33)
2022-01-10 10:15:34,083 [sinai.rusinek] Exported [20328] logged events for project [Yiddish]
2022-01-10 10:15:34,083 [sinai.rusinek] Skipped [117] logged events for [49] documents no longer existing
